2022-05-12 18:25:55.303  INFO 15172 --- [restartedMain] com.hotel.HeritageTourHotelApplication   : Starting HeritageTourHotelApplication using Java 17.0.2 on INLEN8520050920 with PID 15172 (C:\Users\ABBANSOD\Documents\workspace-spring-tool-suite-4-4.14.0.RELEASE\HeritageTourHotel\target\classes started by abbansod in C:\Users\ABBANSOD\Documents\workspace-spring-tool-suite-4-4.14.0.RELEASE\HeritageTourHotel)
2022-05-12 18:25:55.303  INFO 15172 --- [restartedMain] com.hotel.HeritageTourHotelApplication   : No active profile set, falling back to 1 default profile: "default"
2022-05-12 18:25:55.555  INFO 15172 --- [restartedMain] .s.d.r.c.RepositoryConfigurationDelegate : Bootstrapping Spring Data MongoDB repositories in DEFAULT mode.
2022-05-12 18:25:55.566  INFO 15172 --- [restartedMain] .s.d.r.c.RepositoryConfigurationDelegate : Finished Spring Data repository scanning in 9 ms. Found 1 MongoDB repository interfaces.
2022-05-12 18:25:55.672  INFO 15172 --- [restartedMain] o.s.cloud.context.scope.GenericScope     : BeanFactory id=2bcb2698-1de0-3e7b-a4f2-184abd481c07
2022-05-12 18:25:55.686  INFO 15172 --- [restartedMain] trationDelegate$BeanPostProcessorChecker : Bean 'org.springframework.ws.config.annotation.DelegatingWsConfiguration' of type [org.springframework.ws.config.annotation.DelegatingWsConfiguration$$EnhancerBySpringCGLIB$$200f2aae] is not eligible for getting processed by all BeanPostProcessors (for example: not eligible for auto-proxying)
2022-05-12 18:25:55.689  INFO 15172 --- [restartedMain] .w.s.a.s.AnnotationActionEndpointMapping : Supporting [WS-Addressing August 2004, WS-Addressing 1.0]
2022-05-12 18:25:55.797  INFO 15172 --- [restartedMain] o.s.b.w.embedded.tomcat.TomcatWebServer  : Tomcat initialized with port(s): 8086 (http)
2022-05-12 18:25:55.798  INFO 15172 --- [restartedMain] o.apache.catalina.core.StandardService   : Starting service [Tomcat]
2022-05-12 18:25:55.798  INFO 15172 --- [restartedMain] org.apache.catalina.core.StandardEngine  : Starting Servlet engine: [Apache Tomcat/9.0.62]
2022-05-12 18:25:55.818  INFO 15172 --- [restartedMain] o.a.c.c.C.[Tomcat-1].[localhost].[/]     : Initializing Spring embedded WebApplicationContext
2022-05-12 18:25:55.819  INFO 15172 --- [restartedMain] w.s.c.ServletWebServerApplicationContext : Root WebApplicationContext: initialization completed in 512 ms
2022-05-12 18:25:55.916  INFO 15172 --- [restartedMain] org.mongodb.driver.cluster               : Cluster created with settings {hosts=[127.0.0.1:27017], srvHost=cluster0.pzw34.mongodb.net, mode=MULTIPLE, requiredClusterType=REPLICA_SET, serverSelectionTimeout='30000 ms', requiredReplicaSetName='atlas-307b9i-shard-0'}
2022-05-12 18:25:55.950  INFO 15172 --- [cluster-ClusterId{value='627d03dbdd54533c9a9fcadd', description='null'}-srv-cluster0.pzw34.mongodb.net] org.mongodb.driver.cluster               : Adding discovered server cluster0-shard-00-02.pzw34.mongodb.net:27017 to client view of cluster
2022-05-12 18:25:55.951  INFO 15172 --- [cluster-ClusterId{value='627d03dbdd54533c9a9fcadd', description='null'}-srv-cluster0.pzw34.mongodb.net] org.mongodb.driver.cluster               : Adding discovered server cluster0-shard-00-00.pzw34.mongodb.net:27017 to client view of cluster
2022-05-12 18:25:55.951  INFO 15172 --- [cluster-ClusterId{value='627d03dbdd54533c9a9fcadd', description='null'}-srv-cluster0.pzw34.mongodb.net] org.mongodb.driver.cluster               : Adding discovered server cluster0-shard-00-01.pzw34.mongodb.net:27017 to client view of cluster
2022-05-12 18:25:55.985  WARN 15172 --- [restartedMain] o.s.data.convert.CustomConversions       : Registering converter from class java.time.LocalDateTime to class org.joda.time.LocalDateTime as reading converter although it doesn't convert from a store-supported type! You might want to check your annotation setup at the converter implementation.
2022-05-12 18:25:56.016  WARN 15172 --- [restartedMain] o.s.b.d.a.OptionalLiveReloadServer       : Unable to start LiveReload server
2022-05-12 18:25:56.035  WARN 15172 --- [restartedMain] o.s.data.convert.CustomConversions       : Registering converter from class java.time.LocalDateTime to class org.joda.time.LocalDateTime as reading converter although it doesn't convert from a store-supported type! You might want to check your annotation setup at the converter implementation.
2022-05-12 18:25:56.122  INFO 15172 --- [cluster-ClusterId{value='627d03dbdd54533c9a9fcadd', description='null'}-cluster0-shard-00-01.pzw34.mongodb.net:27017] org.mongodb.driver.connection            : Opened connection [connectionId{localValue:57, serverValue:114389}] to cluster0-shard-00-01.pzw34.mongodb.net:27017
2022-05-12 18:25:56.122  INFO 15172 --- [cluster-ClusterId{value='627d03dbdd54533c9a9fcadd', description='null'}-cluster0-shard-00-01.pzw34.mongodb.net:27017] org.mongodb.driver.cluster               : Monitor thread successfully connected to server with description ServerDescription{address=cluster0-shard-00-01.pzw34.mongodb.net:27017, type=REPLICA_SET_SECONDARY, state=CONNECTED, ok=true, minWireVersion=0, maxWireVersion=13, maxDocumentSize=16777216, logicalSessionTimeoutMinutes=30, roundTripTimeNanos=70801900, setName='atlas-307b9i-shard-0', canonicalAddress=cluster0-shard-00-01.pzw34.mongodb.net:27017, hosts=[cluster0-shard-00-01.pzw34.mongodb.net:27017, cluster0-shard-00-02.pzw34.mongodb.net:27017, cluster0-shard-00-00.pzw34.mongodb.net:27017], passives=[], arbiters=[], primary='cluster0-shard-00-02.pzw34.mongodb.net:27017', tagSet=TagSet{[Tag{name='nodeType', value='ELECTABLE'}, Tag{name='provider', value='AWS'}, Tag{name='region', value='AP_SOUTH_1'}, Tag{name='workloadType', value='OPERATIONAL'}]}, electionId=null, setVersion=7, topologyVersion=TopologyVersion{processId=6278e0ca4974c3f92f71ac6f, counter=3}, lastWriteDate=Thu May 12 18:25:55 IST 2022, lastUpdateTimeNanos=629399101160200}
2022-05-12 18:25:56.126  INFO 15172 --- [cluster-rtt-ClusterId{value='627d03dbdd54533c9a9fcadd', description='null'}-cluster0-shard-00-01.pzw34.mongodb.net:27017] org.mongodb.driver.connection            : Opened connection [connectionId{localValue:58, serverValue:114389}] to cluster0-shard-00-01.pzw34.mongodb.net:27017
2022-05-12 18:25:56.140  INFO 15172 --- [cluster-ClusterId{value='627d03dbdd54533c9a9fcadd', description='null'}-cluster0-shard-00-02.pzw34.mongodb.net:27017] org.mongodb.driver.connection            : Opened connection [connectionId{localValue:53, serverValue:121534}] to cluster0-shard-00-02.pzw34.mongodb.net:27017
2022-05-12 18:25:56.140  INFO 15172 --- [cluster-ClusterId{value='627d03dbdd54533c9a9fcadd', description='null'}-cluster0-shard-00-02.pzw34.mongodb.net:27017] org.mongodb.driver.cluster               : Monitor thread successfully connected to server with description ServerDescription{address=cluster0-shard-00-02.pzw34.mongodb.net:27017, type=REPLICA_SET_PRIMARY, state=CONNECTED, ok=true, minWireVersion=0, maxWireVersion=13, maxDocumentSize=16777216, logicalSessionTimeoutMinutes=30, roundTripTimeNanos=114615500, setName='atlas-307b9i-shard-0', canonicalAddress=cluster0-shard-00-02.pzw34.mongodb.net:27017, hosts=[cluster0-shard-00-01.pzw34.mongodb.net:27017, cluster0-shard-00-02.pzw34.mongodb.net:27017, cluster0-shard-00-00.pzw34.mongodb.net:27017], passives=[], arbiters=[], primary='cluster0-shard-00-02.pzw34.mongodb.net:27017', tagSet=TagSet{[Tag{name='nodeType', value='ELECTABLE'}, Tag{name='provider', value='AWS'}, Tag{name='region', value='AP_SOUTH_1'}, Tag{name='workloadType', value='OPERATIONAL'}]}, electionId=7fffffff00000000000000a3, setVersion=7, topologyVersion=TopologyVersion{processId=6278dfb9fbd46e91fe299170, counter=6}, lastWriteDate=Thu May 12 18:25:55 IST 2022, lastUpdateTimeNanos=629399119531300}
2022-05-12 18:25:56.141  INFO 15172 --- [cluster-ClusterId{value='627d03dbdd54533c9a9fcadd', description='null'}-cluster0-shard-00-02.pzw34.mongodb.net:27017] org.mongodb.driver.cluster               : Setting max election id to 7fffffff00000000000000a3 from replica set primary cluster0-shard-00-02.pzw34.mongodb.net:27017
2022-05-12 18:25:56.142  INFO 15172 --- [cluster-ClusterId{value='627d03dbdd54533c9a9fcadd', description='null'}-cluster0-shard-00-02.pzw34.mongodb.net:27017] org.mongodb.driver.cluster               : Setting max set version to 7 from replica set primary cluster0-shard-00-02.pzw34.mongodb.net:27017
2022-05-12 18:25:56.142  INFO 15172 --- [cluster-ClusterId{value='627d03dbdd54533c9a9fcadd', description='null'}-cluster0-shard-00-02.pzw34.mongodb.net:27017] org.mongodb.driver.cluster               : Discovered replica set primary cluster0-shard-00-02.pzw34.mongodb.net:27017
2022-05-12 18:25:56.150  INFO 15172 --- [cluster-rtt-ClusterId{value='627d03dbdd54533c9a9fcadd', description='null'}-cluster0-shard-00-02.pzw34.mongodb.net:27017] org.mongodb.driver.connection            : Opened connection [connectionId{localValue:54, serverValue:121534}] to cluster0-shard-00-02.pzw34.mongodb.net:27017
2022-05-12 18:25:56.152  INFO 15172 --- [cluster-rtt-ClusterId{value='627d03dbdd54533c9a9fcadd', description='null'}-cluster0-shard-00-00.pzw34.mongodb.net:27017] org.mongodb.driver.connection            : Opened connection [connectionId{localValue:56, serverValue:114789}] to cluster0-shard-00-00.pzw34.mongodb.net:27017
2022-05-12 18:25:56.199  INFO 15172 --- [cluster-ClusterId{value='627d03dbdd54533c9a9fcadd', description='null'}-cluster0-shard-00-00.pzw34.mongodb.net:27017] org.mongodb.driver.connection            : Opened connection [connectionId{localValue:55, serverValue:114752}] to cluster0-shard-00-00.pzw34.mongodb.net:27017
2022-05-12 18:25:56.199  INFO 15172 --- [cluster-ClusterId{value='627d03dbdd54533c9a9fcadd', description='null'}-cluster0-shard-00-00.pzw34.mongodb.net:27017] org.mongodb.driver.cluster               : Monitor thread successfully connected to server with description ServerDescription{address=cluster0-shard-00-00.pzw34.mongodb.net:27017, type=REPLICA_SET_SECONDARY, state=CONNECTED, ok=true, minWireVersion=0, maxWireVersion=13, maxDocumentSize=16777216, logicalSessionTimeoutMinutes=30, roundTripTimeNanos=106754700, setName='atlas-307b9i-shard-0', canonicalAddress=cluster0-shard-00-00.pzw34.mongodb.net:27017, hosts=[cluster0-shard-00-01.pzw34.mongodb.net:27017, cluster0-shard-00-02.pzw34.mongodb.net:27017, cluster0-shard-00-00.pzw34.mongodb.net:27017], passives=[], arbiters=[], primary='cluster0-shard-00-02.pzw34.mongodb.net:27017', tagSet=TagSet{[Tag{name='nodeType', value='ELECTABLE'}, Tag{name='provider', value='AWS'}, Tag{name='region', value='AP_SOUTH_1'}, Tag{name='workloadType', value='OPERATIONAL'}]}, electionId=null, setVersion=7, topologyVersion=TopologyVersion{processId=6278de89804f2678c2b274ec, counter=4}, lastWriteDate=Thu May 12 18:25:55 IST 2022, lastUpdateTimeNanos=629399178662900}
2022-05-12 18:25:56.489  INFO 15172 --- [restartedMain] DiscoveryClientOptionalArgsConfiguration : Eureka HTTP Client uses RestTemplate.
2022-05-12 18:25:56.630  WARN 15172 --- [restartedMain] iguration$LoadBalancerCaffeineWarnLogger : Spring Cloud LoadBalancer is currently working with the default cache. While this cache implementation is useful for development and tests, it's recommended to use Caffeine cache in production.You can switch to using Caffeine cache, by adding it and org.springframework.cache.caffeine.CaffeineCacheManager to the classpath.
2022-05-12 18:25:56.650  INFO 15172 --- [restartedMain] o.s.c.n.eureka.InstanceInfoFactory       : Setting initial instance status as: STARTING
2022-05-12 18:25:56.678  INFO 15172 --- [restartedMain] com.netflix.discovery.DiscoveryClient    : Initializing Eureka in region us-east-1
2022-05-12 18:25:56.678  INFO 15172 --- [restartedMain] c.n.d.s.r.aws.ConfigClusterResolver      : Resolving eureka endpoints via configuration
2022-05-12 18:25:56.694  INFO 15172 --- [restartedMain] com.netflix.discovery.DiscoveryClient    : Disable delta property : false
2022-05-12 18:25:56.695  INFO 15172 --- [restartedMain] com.netflix.discovery.DiscoveryClient    : Single vip registry refresh property : null
2022-05-12 18:25:56.695  INFO 15172 --- [restartedMain] com.netflix.discovery.DiscoveryClient    : Force full registry fetch : false
2022-05-12 18:25:56.695  INFO 15172 --- [restartedMain] com.netflix.discovery.DiscoveryClient    : Application is null : false
2022-05-12 18:25:56.695  INFO 15172 --- [restartedMain] com.netflix.discovery.DiscoveryClient    : Registered Applications size is zero : true
2022-05-12 18:25:56.695  INFO 15172 --- [restartedMain] com.netflix.discovery.DiscoveryClient    : Application version is -1: true
2022-05-12 18:25:56.695  INFO 15172 --- [restartedMain] com.netflix.discovery.DiscoveryClient    : Getting all instance registry info from the eureka server
2022-05-12 18:25:56.716  INFO 15172 --- [restartedMain] com.netflix.discovery.DiscoveryClient    : The response status is 200
2022-05-12 18:25:56.724  INFO 15172 --- [restartedMain] com.netflix.discovery.DiscoveryClient    : Starting heartbeat executor: renew interval is: 30
2022-05-12 18:25:56.732  INFO 15172 --- [restartedMain] c.n.discovery.InstanceInfoReplicator     : InstanceInfoReplicator onDemand update allowed rate per min is 4
2022-05-12 18:25:56.752  INFO 15172 --- [restartedMain] com.netflix.discovery.DiscoveryClient    : Discovery Client initialized at timestamp 1652360156752 with initial instances count: 1
2022-05-12 18:25:56.755  INFO 15172 --- [restartedMain] o.s.c.n.e.s.EurekaServiceRegistry        : Registering application HERITAGETOURHOTEL with eureka with status UP
2022-05-12 18:25:56.755  INFO 15172 --- [restartedMain] com.netflix.discovery.DiscoveryClient    : Saw local status change event StatusChangeEvent [timestamp=1652360156755, current=UP, previous=STARTING]
2022-05-12 18:25:56.756  INFO 15172 --- [DiscoveryClient-InstanceInfoReplicator-0] com.netflix.discovery.DiscoveryClient    : DiscoveryClient_HERITAGETOURHOTEL/INLEN8520050920.corp.capgemini.com:HeritageTourHotel:8086: registering service...
2022-05-12 18:25:56.763  INFO 15172 --- [restartedMain] o.s.b.w.embedded.tomcat.TomcatWebServer  : Tomcat started on port(s): 8086 (http) with context path ''
2022-05-12 18:25:56.764  INFO 15172 --- [restartedMain] .s.c.n.e.s.EurekaAutoServiceRegistration : Updating port to 8086
2022-05-12 18:25:56.768  INFO 15172 --- [DiscoveryClient-InstanceInfoReplicator-0] com.netflix.discovery.DiscoveryClient    : DiscoveryClient_HERITAGETOURHOTEL/INLEN8520050920.corp.capgemini.com:HeritageTourHotel:8086 - registration status: 204
2022-05-12 18:25:56.878  INFO 15172 --- [restartedMain] com.hotel.HeritageTourHotelApplication   : Started HeritageTourHotelApplication in 1.746 seconds (JVM running for 2176.719)
2022-05-12 18:25:56.879  INFO 15172 --- [restartedMain] .ConditionEvaluationDeltaLoggingListener : Condition evaluation unchanged
2022-05-12 18:26:40.514  INFO 15172 --- [http-nio-8086-exec-3] o.a.c.c.C.[Tomcat-1].[localhost].[/]     : Initializing Spring DispatcherServlet 'dispatcherServlet'
2022-05-12 18:26:40.516  INFO 15172 --- [http-nio-8086-exec-3] o.s.web.servlet.DispatcherServlet        : Initializing Servlet 'dispatcherServlet'
2022-05-12 18:26:40.518  INFO 15172 --- [http-nio-8086-exec-3] o.s.web.servlet.DispatcherServlet        : Completed initialization in 2 ms
2022-05-12 18:26:40.526  INFO 15172 --- [http-nio-8086-exec-3] com.hotel.aspect.LoggingAdvice           : Method invoked class com.hotel.controller.HotelController : addHotel Args [{"hotelCode":109,"cityCode":501,"hotelName":"IndiaGateHorgcgtel","roomsAvailable":19,"roomPrice":600}]
2022-05-12 18:26:40.535  INFO 15172 --- [http-nio-8086-exec-3] com.hotel.aspect.LoggingAdvice           : Method invoked class com.hotel.service.HotelServiceImpl : addHotel Args [{"hotelCode":109,"cityCode":501,"hotelName":"IndiaGateHorgcgtel","roomsAvailable":19,"roomPrice":600}]
2022-05-12 18:26:40.547  INFO 15172 --- [http-nio-8086-exec-3] com.hotel.aspect.LoggingAdvice           : Method invoked class jdk.proxy11.$Proxy166 : existsById Args [109]
2022-05-12 18:26:40.954  INFO 15172 --- [http-nio-8086-exec-3] org.mongodb.driver.connection            : Opened connection [connectionId{localValue:59, serverValue:121501}] to cluster0-shard-00-02.pzw34.mongodb.net:27017
2022-05-12 18:26:40.986  INFO 15172 --- [http-nio-8086-exec-3] com.hotel.aspect.LoggingAdvice           : Response class jdk.proxy11.$Proxy166 : existsById Args false
2022-05-12 18:26:40.988  INFO 15172 --- [http-nio-8086-exec-3] com.hotel.aspect.LoggingAdvice           : Method invoked class jdk.proxy11.$Proxy166 : save Args [{"hotelCode":109,"cityCode":501,"hotelName":"IndiaGateHorgcgtel","roomsAvailable":19,"roomPrice":600}]
2022-05-12 18:26:41.041  INFO 15172 --- [http-nio-8086-exec-3] com.hotel.aspect.LoggingAdvice           : Response class jdk.proxy11.$Proxy166 : save Args {"hotelCode":109,"cityCode":501,"hotelName":"IndiaGateHorgcgtel","roomsAvailable":19,"roomPrice":600}
2022-05-12 18:26:41.041  INFO 15172 --- [http-nio-8086-exec-3] com.hotel.aspect.LoggingAdvice           : Response class com.hotel.service.HotelServiceImpl : addHotel Args {"hotelCode":109,"cityCode":501,"hotelName":"IndiaGateHorgcgtel","roomsAvailable":19,"roomPrice":600}
2022-05-12 18:26:41.048  INFO 15172 --- [http-nio-8086-exec-3] com.hotel.aspect.LoggingAdvice           : Response class com.hotel.controller.HotelController : addHotel Args {"headers":{},"body":{"hotelCode":109,"cityCode":501,"hotelName":"IndiaGateHorgcgtel","roomsAvailable":19,"roomPrice":600},"statusCode":"CREATED","statusCodeValue":201}
2022-05-12 18:28:41.843  INFO 15172 --- [Thread-54] o.s.c.n.e.s.EurekaServiceRegistry        : Unregistering application HERITAGETOURHOTEL with eureka with status DOWN
2022-05-12 18:28:41.843  INFO 15172 --- [Thread-54] com.netflix.discovery.DiscoveryClient    : Saw local status change event StatusChangeEvent [timestamp=1652360321843, current=DOWN, previous=UP]
2022-05-12 18:28:41.844  INFO 15172 --- [DiscoveryClient-InstanceInfoReplicator-0] com.netflix.discovery.DiscoveryClient    : DiscoveryClient_HERITAGETOURHOTEL/INLEN8520050920.corp.capgemini.com:HeritageTourHotel:8086: registering service...
2022-05-12 18:28:41.850  INFO 15172 --- [DiscoveryClient-InstanceInfoReplicator-0] com.netflix.discovery.DiscoveryClient    : DiscoveryClient_HERITAGETOURHOTEL/INLEN8520050920.corp.capgemini.com:HeritageTourHotel:8086 - registration status: 204
2022-05-12 18:28:41.994  INFO 15172 --- [Thread-54] com.netflix.discovery.DiscoveryClient    : Shutting down DiscoveryClient ...
2022-05-12 18:28:45.019  INFO 15172 --- [Thread-54] com.netflix.discovery.DiscoveryClient    : Unregistering ...
2022-05-12 18:28:45.024  INFO 15172 --- [Thread-54] com.netflix.discovery.DiscoveryClient    : DiscoveryClient_HERITAGETOURHOTEL/INLEN8520050920.corp.capgemini.com:HeritageTourHotel:8086 - deregister  status: 200
2022-05-12 18:28:45.143  INFO 15172 --- [Thread-54] com.netflix.discovery.DiscoveryClient    : Completed shut down of DiscoveryClient
